
 customer_id | full_name
-------------+-----------------------
     1084545 | Julia Elizabeth 84545

(1 rows)

 customer_id | full_name
-------------+-----------------------
     1084545 | Julia Elizabeth 84545

(1 rows)

 customer_id | full_name
-------------+-----------------------
     1084545 | Julia Elizabeth 84545
     1084540 |      Jason Paul 84540
     1084546 |      Miles John 84546
     1084542 |  Esmeralda Mary 84542
     1084541 |   Catherine Ann 84541
     1084548 |      Igor Golov 84548
     1084547 |     Luis Javier 84547
     1084544 |      Louisa Amy 84544
     1084549 |    Angela Eliza 84549
     1084543 |   Marcus Joseph 84543

(10 rows)

 customer_id | full_name             | government_id | email_address
-------------+-----------------------+---------------+------------------------------------------------------------------------------------------------------------------------------------------------------------------
     1084545 | Julia Elizabeth 84545 |        084545 | [{email_type: 'work', email_address: '1084545@gmail.com', email_status: 'valid'}, {email_type: 'Home', email_address: '1084545@gmail.com', email_status: 'DND'}]
     1064545 | Julia Elizabeth 64545 |        064545 | [{email_type: 'work', email_address: '1064545@gmail.com', email_status: 'valid'}, {email_type: 'Home', email_address: '1064545@gmail.com', email_status: 'DND'}]
     1024545 | Julia Elizabeth 24545 |        024545 | [{email_type: 'work', email_address: '1024545@gmail.com', email_status: 'valid'}, {email_type: 'Home', email_address: '1024545@gmail.com', email_status: 'DND'}]
     1004545 | Julia Elizabeth 04545 |        004545 | [{email_type: 'work', email_address: '1004545@gmail.com', email_status: 'valid'}, {email_type: 'Home', email_address: '1004545@gmail.com', email_status: 'DND'}]
     1054545 | Julia Elizabeth 54545 |        054545 | [{email_type: 'work', email_address: '1054545@gmail.com', email_status: 'valid'}, {email_type: 'Home', email_address: '1054545@gmail.com', email_status: 'DND'}]
     1014545 | Julia Elizabeth 14545 |        014545 | [{email_type: 'work', email_address: '1014545@gmail.com', email_status: 'valid'}, {email_type: 'Home', email_address: '1014545@gmail.com', email_status: 'DND'}]
     1074545 | Julia Elizabeth 74545 |        074545 | [{email_type: 'work', email_address: '1074545@gmail.com', email_status: 'valid'}, {email_type: 'Home', email_address: '1074545@gmail.com', email_status: 'DND'}]
     1044545 | Julia Elizabeth 44545 |        044545 | [{email_type: 'work', email_address: '1044545@gmail.com', email_status: 'valid'}, {email_type: 'Home', email_address: '1044545@gmail.com', email_status: 'DND'}]
     1034545 | Julia Elizabeth 34545 |        034545 | [{email_type: 'work', email_address: '1034545@gmail.com', email_status: 'valid'}, {email_type: 'Home', email_address: '1034545@gmail.com', email_status: 'DND'}]
     1094545 | Julia Elizabeth 94545 |        094545 | [{email_type: 'work', email_address: '1094545@gmail.com', email_status: 'valid'}, {email_type: 'Home', email_address: '1094545@gmail.com', email_status: 'DND'}]

(10 rows)

 customer_id | full_name             | email_address
-------------+-----------------------+------------------------------------------------------------------------------------------------------------------------------------------------------------------
     1084545 | Julia Elizabeth 84545 | [{email_type: 'work', email_address: '1084545@gmail.com', email_status: 'valid'}, {email_type: 'Home', email_address: '1084545@gmail.com', email_status: 'DND'}]
     1058620 |      Jason Paul 58620 | [{email_type: 'work', email_address: '1058620@gmail.com', email_status: 'valid'}, {email_type: 'Home', email_address: '1058620@gmail.com', email_status: 'DND'}]
     1052732 |  Esmeralda Mary 52732 | [{email_type: 'work', email_address: '1052732@gmail.com', email_status: 'valid'}, {email_type: 'Home', email_address: '1052732@gmail.com', email_status: 'DND'}]
     1009988 |      Igor Golov 09988 | [{email_type: 'work', email_address: '1009988@gmail.com', email_status: 'valid'}, {email_type: 'Home', email_address: '1009988@gmail.com', email_status: 'DND'}]
     1062296 |      Miles John 62296 | [{email_type: 'work', email_address: '1062296@gmail.com', email_status: 'valid'}, {email_type: 'Home', email_address: '1062296@gmail.com', email_status: 'DND'}]
     1063979 |    Angela Eliza 63979 | [{email_type: 'work', email_address: '1063979@gmail.com', email_status: 'valid'}, {email_type: 'Home', email_address: '1063979@gmail.com', email_status: 'DND'}]
     1086242 |  Esmeralda Mary 86242 | [{email_type: 'work', email_address: '1086242@gmail.com', email_status: 'valid'}, {email_type: 'Home', email_address: '1086242@gmail.com', email_status: 'DND'}]
     1011466 |      Miles John 11466 | [{email_type: 'work', email_address: '1011466@gmail.com', email_status: 'valid'}, {email_type: 'Home', email_address: '1011466@gmail.com', email_status: 'DND'}]
     1090309 |    Angela Eliza 90309 | [{email_type: 'work', email_address: '1090309@gmail.com', email_status: 'valid'}, {email_type: 'Home', email_address: '1090309@gmail.com', email_status: 'DND'}]
     1016605 | Julia Elizabeth 16605 | [{email_type: 'work', email_address: '1016605@gmail.com', email_status: 'valid'}, {email_type: 'Home', email_address: '1016605@gmail.com', email_status: 'DND'}]

(10 rows)

 customer_id | full_name           | email_address                                                                                                                                                    | phone_numbers
-------------+---------------------+------------------------------------------------------------------------------------------------------------------------------------------------------------------+--------------------------------------------------------------------------------------------------------------------------------------------------
     1024541 | Catherine Ann 24541 | [{email_type: 'work', email_address: '1024541@gmail.com', email_status: 'valid'}, {email_type: 'Home', email_address: '1024541@gmail.com', email_status: 'DND'}] | [{phone_type: 'work', phone_number: '1024541w'}, {phone_type: 'home', phone_number: '1024541h'}, {phone_type: 'cell', phone_number: '1024541c'}]

(1 rows)

 customer_id | full_name        | phone_numbers
-------------+------------------+--------------------------------------------------------------------------------------------------------------------------------------------------
     1014540 | Jason Paul 14540 | [{phone_type: 'work', phone_number: '1014540w'}, {phone_type: 'home', phone_number: '1014540h'}, {phone_type: 'cell', phone_number: '1014540c'}]

(1 rows)

 customer_id | full_name           | address_line1 | address_line2 | city     | state_abbreviation | zipcode
-------------+---------------------+---------------+---------------+----------+--------------------+---------
     1014543 | Marcus Joseph 14543 | Line1-1014543 |          null | Plymouth |                 MN |   55441

(1 rows)

 customer_id | full_name        | phone_numbers
-------------+------------------+--------------------------------------------------------------------------------------------------------------------------------------------------
     1014540 | Jason Paul 14540 | [{phone_type: 'work', phone_number: '1014540w'}, {phone_type: 'home', phone_number: '1014540h'}, {phone_type: 'cell', phone_number: '1014540c'}]

(1 rows)

 customer_id | custaccounts
-------------+--------------------------------------------------------------------------------------------------------------------------
     1084545 | {'44ba4d82-6f5b-4381-9f3e-ccee0e89099f', '54770c02-d081-4e16-a538-797cf5cf5e26', 'a5c17c33-b941-4be1-ae11-eea28355c462'}

(1 rows)
